<?xml version="1.0" encoding="UTF-8"?>
<!-- Generated by org.testng.reporters.JUnitReportReporter -->
<testsuite hostname="Sasi" failures="0" tests="1" name="TestRunner.AddToCart" time="2.145" errors="0" timestamp="2023-04-16T16:29:35 IST" skipped="0">
  <testcase classname="TestRunner.AddToCart" name="productAddToCart" time="2.145"/>
  <system-out/>
</testsuite> <!-- TestRunner.AddToCart -->
