<?xml version="1.0" encoding="UTF-8"?>
<!-- Generated by org.testng.reporters.JUnitReportReporter -->
<testsuite hostname="Sasi" failures="0" tests="2" name="TestRunner.HomePageText" time="0.207" errors="0" timestamp="2023-04-16T16:29:35 IST" skipped="1">
  <testcase classname="TestRunner.HomePageText" name="textInHome" time="0.207"/>
  <system-out/>
  <testcase classname="TestRunner.HomePageText" name="logoText">
    <skipped/>
  </testcase> <!-- logoText -->
  <system-out/>
</testsuite> <!-- TestRunner.HomePageText -->
