<?xml version="1.0" encoding="UTF-8"?>
<!-- Generated by org.testng.reporters.JUnitReportReporter -->
<testsuite hostname="Sasi" failures="0" tests="2" name="TestRunner.HomePageText" time="2.152" errors="0" timestamp="19 Mar 2023 10:17:11 GMT" skipped="0">
  <testcase classname="TestRunner.HomePageText" name="logoText" time="1.038"/>
  <testcase classname="TestRunner.HomePageText" name="textInHome" time="1.114"/>
</testsuite> <!-- TestRunner.HomePageText -->
