<?xml version="1.0" encoding="UTF-8"?>
<!-- Generated by org.testng.reporters.JUnitReportReporter -->
<testsuite hostname="Sasi" failures="0" tests="4" name="TestRunner.Login_Func" time="6.805" errors="0" timestamp="19 Mar 2023 10:27:29 GMT" skipped="0">
  <testcase classname="TestRunner.Login_Func" name="login_Scenario_2" time="1.351"/>
  <testcase classname="TestRunner.Login_Func" name="login_Scenario_3" time="2.585"/>
  <testcase classname="TestRunner.Login_Func" name="login_Scenario_1" time="1.452"/>
  <testcase classname="TestRunner.Login_Func" name="login_Scenario_4" time="1.417"/>
</testsuite> <!-- TestRunner.Login_Func -->
