<?xml version="1.0" encoding="UTF-8"?>
<!-- Generated by org.testng.reporters.JUnitReportReporter -->
<testsuite hostname="Sasi" failures="0" tests="1" name="TestRunner.AddToCart" time="2.003" errors="0" timestamp="16 Apr 2023 11:23:49 GMT" skipped="0">
  <testcase classname="TestRunner.AddToCart" name="productAddToCart" time="2.003"/>
</testsuite> <!-- TestRunner.AddToCart -->
