<?xml version="1.0" encoding="UTF-8"?>
<!-- Generated by org.testng.reporters.JUnitReportReporter -->
<testsuite hostname="Sasi" failures="0" tests="4" name="TestRunner.Login_Func" time="7.740" errors="0" timestamp="16 Apr 2023 15:19:01 GMT" skipped="0">
  <testcase classname="TestRunner.Login_Func" name="login_Scenario_3" time="1.821"/>
  <testcase classname="TestRunner.Login_Func" name="login_Scenario_4" time="1.841"/>
  <testcase classname="TestRunner.Login_Func" name="login_Scenario_2" time="1.927"/>
  <testcase classname="TestRunner.Login_Func" name="login_Scenario_1" time="2.151"/>
</testsuite> <!-- TestRunner.Login_Func -->
