<?xml version="1.0" encoding="UTF-8"?>
<!-- Generated by org.testng.reporters.JUnitReportReporter -->
<testsuite hostname="Sasi" failures="0" tests="2" name="TestRunner.HomePageText" time="2.871" errors="0" timestamp="19 Mar 2023 10:27:29 GMT" skipped="0">
  <testcase classname="TestRunner.HomePageText" name="logoText" time="1.259"/>
  <testcase classname="TestRunner.HomePageText" name="textInHome" time="1.612"/>
</testsuite> <!-- TestRunner.HomePageText -->
