<?xml version="1.0" encoding="UTF-8"?>
<!-- Generated by org.testng.reporters.JUnitReportReporter -->
<testsuite hostname="Sasi" failures="0" tests="4" name="TestRunner.Sorting" time="9.279" errors="0" timestamp="16 Apr 2023 15:19:01 GMT" skipped="0">
  <testcase classname="TestRunner.Sorting" name="sorting_Name_A_Z" time="2.972"/>
  <testcase classname="TestRunner.Sorting" name="sorting_Price_Low_High" time="2.103"/>
  <testcase classname="TestRunner.Sorting" name="sorting_Price_High_Low" time="2.146"/>
  <testcase classname="TestRunner.Sorting" name="sorting_Name_Z_A" time="2.058"/>
</testsuite> <!-- TestRunner.Sorting -->
