<?xml version="1.0" encoding="UTF-8"?>
<!-- Generated by org.testng.reporters.JUnitReportReporter -->
<testsuite hostname="Sasi" failures="0" tests="2" name="TestRunner.HomePageText" time="0.286" errors="0" timestamp="16 Apr 2023 15:19:01 GMT" skipped="1">
  <testcase classname="TestRunner.HomePageText" name="textInHome" time="0.286"/>
  <testcase classname="TestRunner.HomePageText" name="logoText">
    <skipped/>
  </testcase> <!-- logoText -->
</testsuite> <!-- TestRunner.HomePageText -->
