<?xml version="1.0" encoding="UTF-8"?>
<!-- Generated by org.testng.reporters.JUnitReportReporter -->
<testsuite hostname="Sasi" failures="0" tests="1" name="TestRunner.Inventory" time="2.186" errors="0" timestamp="16 Apr 2023 15:19:01 GMT" skipped="0">
  <testcase classname="TestRunner.Inventory" name="productAddToCart" time="2.186"/>
</testsuite> <!-- TestRunner.Inventory -->
